DEBUG: 2025/12/25 20:14:31 --- START FETCH (2025-12-25) ---
DEBUG: 2025/12/25 20:14:31 Found 100 raw events
DEBUG: 2025/12/25 20:14:31 Sample Event: PushEvent | UTC: 2025-12-25 16:09:08 +0000 UTC | Local: 2025-12-25 20:09:08 +0400 +04
DEBUG: 2025/12/25 20:14:31 PushEvent on andrinoff/web-trmnl: Size=0, CommitsLen=0 -> Added 0
DEBUG: 2025/12/25 20:14:31 Sample Event: IssueCommentEvent | UTC: 2025-12-24 18:49:31 +0000 UTC | Local: 2025-12-24 22:49:31 +0400 +04
DEBUG: 2025/12/25 20:14:31 Sample Event: IssuesEvent | UTC: 2025-12-24 18:48:26 +0000 UTC | Local: 2025-12-24 22:48:26 +0400 +04
DEBUG: 2025/12/25 20:14:31 Sample Event: PushEvent | UTC: 2025-12-24 18:09:03 +0000 UTC | Local: 2025-12-24 22:09:03 +0400 +04
DEBUG: 2025/12/25 20:14:31 Sample Event: CreateEvent | UTC: 2025-12-24 18:07:38 +0000 UTC | Local: 2025-12-24 22:07:38 +0400 +04
DEBUG: 2025/12/25 20:14:31 Sample Event: DeleteEvent | UTC: 2025-12-23 10:48:21 +0000 UTC | Local: 2025-12-23 14:48:21 +0400 +04
DEBUG: 2025/12/25 20:14:31 Sample Event: PullRequestEvent | UTC: 2025-12-23 10:48:17 +0000 UTC | Local: 2025-12-23 14:48:17 +0400 +04
DEBUG: 2025/12/25 20:14:31 Sample Event: PushEvent | UTC: 2025-12-23 10:48:18 +0000 UTC | Local: 2025-12-23 14:48:18 +0400 +04
DEBUG: 2025/12/25 20:14:31 Sample Event: PullRequestEvent | UTC: 2025-12-23 10:46:17 +0000 UTC | Local: 2025-12-23 14:46:17 +0400 +04
DEBUG: 2025/12/25 20:14:31 Sample Event: PushEvent | UTC: 2025-12-23 10:45:31 +0000 UTC | Local: 2025-12-23 14:45:31 +0400 +04
DEBUG: 2025/12/25 20:14:31 Sample Event: PullRequestEvent | UTC: 2025-12-23 10:45:30 +0000 UTC | Local: 2025-12-23 14:45:30 +0400 +04
DEBUG: 2025/12/25 20:14:31 Sample Event: IssuesEvent | UTC: 2025-12-23 10:45:31 +0000 UTC | Local: 2025-12-23 14:45:31 +0400 +04
DEBUG: 2025/12/25 20:14:31 Sample Event: CreateEvent | UTC: 2025-12-23 10:45:15 +0000 UTC | Local: 2025-12-23 14:45:15 +0400 +04
DEBUG: 2025/12/25 20:14:31 Sample Event: IssuesEvent | UTC: 2025-12-23 08:31:05 +0000 UTC | Local: 2025-12-23 12:31:05 +0400 +04
DEBUG: 2025/12/25 20:14:31 Sample Event: IssuesEvent | UTC: 2025-12-23 08:31:05 +0000 UTC | Local: 2025-12-23 12:31:05 +0400 +04
DEBUG: 2025/12/25 20:14:31 Sample Event: PullRequestEvent | UTC: 2025-12-23 08:28:12 +0000 UTC | Local: 2025-12-23 12:28:12 +0400 +04
DEBUG: 2025/12/25 20:14:31 Sample Event: CreateEvent | UTC: 2025-12-23 08:27:49 +0000 UTC | Local: 2025-12-23 12:27:49 +0400 +04
DEBUG: 2025/12/25 20:14:31 Sample Event: PushEvent | UTC: 2025-12-23 08:15:34 +0000 UTC | Local: 2025-12-23 12:15:34 +0400 +04
DEBUG: 2025/12/25 20:14:31 Sample Event: DeleteEvent | UTC: 2025-12-23 08:14:11 +0000 UTC | Local: 2025-12-23 12:14:11 +0400 +04
DEBUG: 2025/12/25 20:14:31 Sample Event: PullRequestEvent | UTC: 2025-12-23 08:14:09 +0000 UTC | Local: 2025-12-23 12:14:09 +0400 +04
DEBUG: 2025/12/25 20:14:31 Sample Event: PushEvent | UTC: 2025-12-23 08:14:10 +0000 UTC | Local: 2025-12-23 12:14:10 +0400 +04
DEBUG: 2025/12/25 20:14:31 Sample Event: PushEvent | UTC: 2025-12-23 08:12:30 +0000 UTC | Local: 2025-12-23 12:12:30 +0400 +04
DEBUG: 2025/12/25 20:14:31 Sample Event: PushEvent | UTC: 2025-12-23 08:11:23 +0000 UTC | Local: 2025-12-23 12:11:23 +0400 +04
DEBUG: 2025/12/25 20:14:31 Sample Event: CreateEvent | UTC: 2025-12-23 08:11:23 +0000 UTC | Local: 2025-12-23 12:11:23 +0400 +04
DEBUG: 2025/12/25 20:14:31 Sample Event: PullRequestEvent | UTC: 2025-12-23 08:11:23 +0000 UTC | Local: 2025-12-23 12:11:23 +0400 +04
DEBUG: 2025/12/25 20:14:31 Sample Event: DeleteEvent | UTC: 2025-12-23 08:06:01 +0000 UTC | Local: 2025-12-23 12:06:01 +0400 +04
DEBUG: 2025/12/25 20:14:31 Sample Event: PullRequestEvent | UTC: 2025-12-23 08:05:58 +0000 UTC | Local: 2025-12-23 12:05:58 +0400 +04
DEBUG: 2025/12/25 20:14:31 Sample Event: PushEvent | UTC: 2025-12-23 08:06:00 +0000 UTC | Local: 2025-12-23 12:06:00 +0400 +04
DEBUG: 2025/12/25 20:14:31 Sample Event: PushEvent | UTC: 2025-12-23 08:04:24 +0000 UTC | Local: 2025-12-23 12:04:24 +0400 +04
DEBUG: 2025/12/25 20:14:31 Sample Event: PushEvent | UTC: 2025-12-23 08:01:18 +0000 UTC | Local: 2025-12-23 12:01:18 +0400 +04
DEBUG: 2025/12/25 20:14:31 Sample Event: PushEvent | UTC: 2025-12-23 06:04:27 +0000 UTC | Local: 2025-12-23 10:04:27 +0400 +04
DEBUG: 2025/12/25 20:14:31 Sample Event: IssueCommentEvent | UTC: 2025-12-23 06:04:08 +0000 UTC | Local: 2025-12-23 10:04:08 +0400 +04
DEBUG: 2025/12/25 20:14:31 Sample Event: PushEvent | UTC: 2025-12-23 06:00:36 +0000 UTC | Local: 2025-12-23 10:00:36 +0400 +04
DEBUG: 2025/12/25 20:14:31 Sample Event: CreateEvent | UTC: 2025-12-23 05:58:14 +0000 UTC | Local: 2025-12-23 09:58:14 +0400 +04
DEBUG: 2025/12/25 20:14:31 Sample Event: PushEvent | UTC: 2025-12-23 05:58:14 +0000 UTC | Local: 2025-12-23 09:58:14 +0400 +04
DEBUG: 2025/12/25 20:14:31 Sample Event: PullRequestEvent | UTC: 2025-12-23 05:58:14 +0000 UTC | Local: 2025-12-23 09:58:14 +0400 +04
DEBUG: 2025/12/25 20:14:31 Sample Event: DeleteEvent | UTC: 2025-12-22 16:40:50 +0000 UTC | Local: 2025-12-22 20:40:50 +0400 +04
DEBUG: 2025/12/25 20:14:31 Sample Event: PullRequestEvent | UTC: 2025-12-22 16:40:46 +0000 UTC | Local: 2025-12-22 20:40:46 +0400 +04
DEBUG: 2025/12/25 20:14:31 Sample Event: PushEvent | UTC: 2025-12-22 16:40:47 +0000 UTC | Local: 2025-12-22 20:40:47 +0400 +04
DEBUG: 2025/12/25 20:14:31 Sample Event: PullRequestEvent | UTC: 2025-12-22 16:40:37 +0000 UTC | Local: 2025-12-22 20:40:37 +0400 +04
DEBUG: 2025/12/25 20:14:31 Sample Event: CreateEvent | UTC: 2025-12-22 16:40:29 +0000 UTC | Local: 2025-12-22 20:40:29 +0400 +04
DEBUG: 2025/12/25 20:14:31 Sample Event: PushEvent | UTC: 2025-12-22 16:39:11 +0000 UTC | Local: 2025-12-22 20:39:11 +0400 +04
DEBUG: 2025/12/25 20:14:31 Sample Event: PushEvent | UTC: 2025-12-22 16:36:36 +0000 UTC | Local: 2025-12-22 20:36:36 +0400 +04
DEBUG: 2025/12/25 20:14:31 Sample Event: PullRequestEvent | UTC: 2025-12-22 16:36:35 +0000 UTC | Local: 2025-12-22 20:36:35 +0400 +04
DEBUG: 2025/12/25 20:14:31 Sample Event: DeleteEvent | UTC: 2025-12-22 16:35:44 +0000 UTC | Local: 2025-12-22 20:35:44 +0400 +04
DEBUG: 2025/12/25 20:14:31 Sample Event: DeleteEvent | UTC: 2025-12-22 16:35:42 +0000 UTC | Local: 2025-12-22 20:35:42 +0400 +04
DEBUG: 2025/12/25 20:14:31 Sample Event: PushEvent | UTC: 2025-12-22 16:35:40 +0000 UTC | Local: 2025-12-22 20:35:40 +0400 +04
DEBUG: 2025/12/25 20:14:31 Sample Event: PullRequestEvent | UTC: 2025-12-22 16:35:39 +0000 UTC | Local: 2025-12-22 20:35:39 +0400 +04
DEBUG: 2025/12/25 20:14:31 Sample Event: PullRequestEvent | UTC: 2025-12-22 16:35:33 +0000 UTC | Local: 2025-12-22 20:35:33 +0400 +04
DEBUG: 2025/12/25 20:14:31 Sample Event: PushEvent | UTC: 2025-12-22 16:35:34 +0000 UTC | Local: 2025-12-22 20:35:34 +0400 +04
DEBUG: 2025/12/25 20:14:31 Sample Event: PullRequestEvent | UTC: 2025-12-22 16:35:20 +0000 UTC | Local: 2025-12-22 20:35:20 +0400 +04
DEBUG: 2025/12/25 20:14:31 Sample Event: PushEvent | UTC: 2025-12-22 16:34:51 +0000 UTC | Local: 2025-12-22 20:34:51 +0400 +04
DEBUG: 2025/12/25 20:14:31 Sample Event: CreateEvent | UTC: 2025-12-22 16:30:56 +0000 UTC | Local: 2025-12-22 20:30:56 +0400 +04
DEBUG: 2025/12/25 20:14:31 Sample Event: PullRequestEvent | UTC: 2025-12-22 16:27:35 +0000 UTC | Local: 2025-12-22 20:27:35 +0400 +04
DEBUG: 2025/12/25 20:14:31 Sample Event: PushEvent | UTC: 2025-12-22 16:08:16 +0000 UTC | Local: 2025-12-22 20:08:16 +0400 +04
DEBUG: 2025/12/25 20:14:31 Sample Event: PushEvent | UTC: 2025-12-22 15:57:19 +0000 UTC | Local: 2025-12-22 19:57:19 +0400 +04
DEBUG: 2025/12/25 20:14:31 Sample Event: CreateEvent | UTC: 2025-12-22 15:36:22 +0000 UTC | Local: 2025-12-22 19:36:22 +0400 +04
DEBUG: 2025/12/25 20:14:31 Sample Event: PullRequestEvent | UTC: 2025-12-22 14:58:56 +0000 UTC | Local: 2025-12-22 18:58:56 +0400 +04
DEBUG: 2025/12/25 20:14:31 Sample Event: CreateEvent | UTC: 2025-12-22 14:57:28 +0000 UTC | Local: 2025-12-22 18:57:28 +0400 +04
DEBUG: 2025/12/25 20:14:31 Sample Event: PushEvent | UTC: 2025-12-22 14:53:48 +0000 UTC | Local: 2025-12-22 18:53:48 +0400 +04
DEBUG: 2025/12/25 20:14:31 Sample Event: DeleteEvent | UTC: 2025-12-22 14:47:20 +0000 UTC | Local: 2025-12-22 18:47:20 +0400 +04
DEBUG: 2025/12/25 20:14:31 Sample Event: PushEvent | UTC: 2025-12-22 14:47:19 +0000 UTC | Local: 2025-12-22 18:47:19 +0400 +04
DEBUG: 2025/12/25 20:14:31 Sample Event: PullRequestReviewEvent | UTC: 2025-12-22 14:47:15 +0000 UTC | Local: 2025-12-22 18:47:15 +0400 +04
DEBUG: 2025/12/25 20:14:31 Sample Event: DeleteEvent | UTC: 2025-12-22 14:46:49 +0000 UTC | Local: 2025-12-22 18:46:49 +0400 +04
DEBUG: 2025/12/25 20:14:31 Sample Event: PushEvent | UTC: 2025-12-22 14:46:48 +0000 UTC | Local: 2025-12-22 18:46:48 +0400 +04
DEBUG: 2025/12/25 20:14:31 Sample Event: PushEvent | UTC: 2025-12-22 14:44:46 +0000 UTC | Local: 2025-12-22 18:44:46 +0400 +04
DEBUG: 2025/12/25 20:14:31 Sample Event: IssueCommentEvent | UTC: 2025-12-22 14:34:24 +0000 UTC | Local: 2025-12-22 18:34:24 +0400 +04
DEBUG: 2025/12/25 20:14:31 Sample Event: PushEvent | UTC: 2025-12-22 14:34:04 +0000 UTC | Local: 2025-12-22 18:34:04 +0400 +04
DEBUG: 2025/12/25 20:14:31 Sample Event: DeleteEvent | UTC: 2025-12-22 14:34:05 +0000 UTC | Local: 2025-12-22 18:34:05 +0400 +04
DEBUG: 2025/12/25 20:14:31 Sample Event: IssueCommentEvent | UTC: 2025-12-22 14:33:39 +0000 UTC | Local: 2025-12-22 18:33:39 +0400 +04
DEBUG: 2025/12/25 20:14:31 Sample Event: IssueCommentEvent | UTC: 2025-12-22 13:17:00 +0000 UTC | Local: 2025-12-22 17:17:00 +0400 +04
DEBUG: 2025/12/25 20:14:31 Sample Event: DeleteEvent | UTC: 2025-12-22 13:16:37 +0000 UTC | Local: 2025-12-22 17:16:37 +0400 +04
DEBUG: 2025/12/25 20:14:31 Sample Event: PushEvent | UTC: 2025-12-22 13:16:35 +0000 UTC | Local: 2025-12-22 17:16:35 +0400 +04
DEBUG: 2025/12/25 20:14:31 Sample Event: PullRequestReviewEvent | UTC: 2025-12-22 13:16:26 +0000 UTC | Local: 2025-12-22 17:16:26 +0400 +04
DEBUG: 2025/12/25 20:14:31 Sample Event: IssueCommentEvent | UTC: 2025-12-22 13:16:08 +0000 UTC | Local: 2025-12-22 17:16:08 +0400 +04
DEBUG: 2025/12/25 20:14:31 Sample Event: IssueCommentEvent | UTC: 2025-12-22 13:15:32 +0000 UTC | Local: 2025-12-22 17:15:32 +0400 +04
DEBUG: 2025/12/25 20:14:31 Sample Event: DeleteEvent | UTC: 2025-12-22 13:15:09 +0000 UTC | Local: 2025-12-22 17:15:09 +0400 +04
DEBUG: 2025/12/25 20:14:31 Sample Event: PushEvent | UTC: 2025-12-22 13:15:07 +0000 UTC | Local: 2025-12-22 17:15:07 +0400 +04
DEBUG: 2025/12/25 20:14:31 Sample Event: PullRequestReviewEvent | UTC: 2025-12-22 13:15:02 +0000 UTC | Local: 2025-12-22 17:15:02 +0400 +04
DEBUG: 2025/12/25 20:14:31 Sample Event: IssueCommentEvent | UTC: 2025-12-22 13:14:18 +0000 UTC | Local: 2025-12-22 17:14:18 +0400 +04
DEBUG: 2025/12/25 20:14:31 Sample Event: DeleteEvent | UTC: 2025-12-22 13:13:52 +0000 UTC | Local: 2025-12-22 17:13:52 +0400 +04
DEBUG: 2025/12/25 20:14:31 Sample Event: PushEvent | UTC: 2025-12-22 13:13:51 +0000 UTC | Local: 2025-12-22 17:13:51 +0400 +04
DEBUG: 2025/12/25 20:14:31 Sample Event: PullRequestReviewEvent | UTC: 2025-12-22 13:13:45 +0000 UTC | Local: 2025-12-22 17:13:45 +0400 +04
DEBUG: 2025/12/25 20:14:31 Sample Event: IssueCommentEvent | UTC: 2025-12-22 13:13:19 +0000 UTC | Local: 2025-12-22 17:13:19 +0400 +04
DEBUG: 2025/12/25 20:14:31 Sample Event: IssueCommentEvent | UTC: 2025-12-22 13:12:54 +0000 UTC | Local: 2025-12-22 17:12:54 +0400 +04
DEBUG: 2025/12/25 20:14:31 Sample Event: IssueCommentEvent | UTC: 2025-12-22 13:12:19 +0000 UTC | Local: 2025-12-22 17:12:19 +0400 +04
DEBUG: 2025/12/25 20:14:31 Sample Event: PushEvent | UTC: 2025-12-22 13:11:04 +0000 UTC | Local: 2025-12-22 17:11:04 +0400 +04
DEBUG: 2025/12/25 20:14:31 Sample Event: DeleteEvent | UTC: 2025-12-22 07:47:51 +0000 UTC | Local: 2025-12-22 11:47:51 +0400 +04
DEBUG: 2025/12/25 20:14:31 Sample Event: PullRequestEvent | UTC: 2025-12-22 07:47:47 +0000 UTC | Local: 2025-12-22 11:47:47 +0400 +04
DEBUG: 2025/12/25 20:14:31 Sample Event: PushEvent | UTC: 2025-12-22 07:47:48 +0000 UTC | Local: 2025-12-22 11:47:48 +0400 +04
DEBUG: 2025/12/25 20:14:31 Sample Event: PullRequestEvent | UTC: 2025-12-22 07:46:59 +0000 UTC | Local: 2025-12-22 11:46:59 +0400 +04
DEBUG: 2025/12/25 20:14:31 Sample Event: PushEvent | UTC: 2025-12-22 07:45:34 +0000 UTC | Local: 2025-12-22 11:45:34 +0400 +04
DEBUG: 2025/12/25 20:14:31 Sample Event: CreateEvent | UTC: 2025-12-22 07:45:33 +0000 UTC | Local: 2025-12-22 11:45:33 +0400 +04
DEBUG: 2025/12/25 20:14:31 Sample Event: DeleteEvent | UTC: 2025-12-22 06:49:04 +0000 UTC | Local: 2025-12-22 10:49:04 +0400 +04
DEBUG: 2025/12/25 20:14:31 Sample Event: PushEvent | UTC: 2025-12-22 06:48:53 +0000 UTC | Local: 2025-12-22 10:48:53 +0400 +04
DEBUG: 2025/12/25 20:14:31 Sample Event: PullRequestEvent | UTC: 2025-12-22 06:48:52 +0000 UTC | Local: 2025-12-22 10:48:52 +0400 +04
DEBUG: 2025/12/25 20:14:31 Sample Event: PullRequestEvent | UTC: 2025-12-22 06:46:33 +0000 UTC | Local: 2025-12-22 10:46:33 +0400 +04
DEBUG: 2025/12/25 20:14:31 Sample Event: CreateEvent | UTC: 2025-12-22 06:46:07 +0000 UTC | Local: 2025-12-22 10:46:07 +0400 +04
DEBUG: 2025/12/25 20:14:31 Sample Event: PushEvent | UTC: 2025-12-21 20:52:58 +0000 UTC | Local: 2025-12-22 00:52:58 +0400 +04
DEBUG: 2025/12/25 20:14:31 Sample Event: PullRequestEvent | UTC: 2025-12-21 20:45:34 +0000 UTC | Local: 2025-12-22 00:45:34 +0400 +04
DEBUG: 2025/12/25 20:14:31 Final Counts: Commits=0, PRs=0, Issues=0
DEBUG: 2025/12/25 20:14:31 --- END FETCH ---
DEBUG: 2025/12/25 20:16:23 Forced count 1 for empty PushEvent on andrinoff/web-trmnl
DEBUG: 2025/12/25 20:16:23 Calculated: Commits=1
DEBUG: 2025/12/25 20:26:38 Spotify Image: Downloading https://i.scdn.co/image/ab67616d00004851c8b444df094279e70d0ed856
DEBUG: 2025/12/25 20:26:39 Spotify Image: Decoded as jpeg
